2017-02-15 22:39:23,304 INFO [org.springframework.context.support.ClassPathXmlApplicationContext] - Refreshing org.springframework.context.support.ClassPathXmlApplicationContext@6d1e7682: startup date [Wed Feb 15 22:39:23 CST 2017]; root of context hierarchy
2017-02-15 22:39:23,690 INFO [org.springframework.beans.factory.xml.XmlBeanDefinitionReader] - Loading XML bean definitions from class path resource [invoker-dispatcher-servlet.xml]
2017-02-15 22:39:24,625 WARN [org.springframework.context.support.ClassPathXmlApplicationContext] - Exception encountered during context initialization - cancelling refresh attempt
org.springframework.beans.factory.CannotLoadBeanClassException: Cannot find class [com.xx.spring.invoker.server.service.impl.UserService] for bean with name 'userService' defined in class path resource [invoker-dispatcher-servlet.xml]; nested exception is java.lang.ClassNotFoundException: com.xx.spring.invoker.server.service.impl.UserService
	at org.springframework.beans.factory.support.AbstractBeanFactory.resolveBeanClass(AbstractBeanFactory.java:1325)
	at org.springframework.beans.factory.support.AbstractAutowireCapableBeanFactory.determineTargetType(AbstractAutowireCapableBeanFactory.java:623)
	at org.springframework.beans.factory.support.AbstractAutowireCapableBeanFactory.predictBeanType(AbstractAutowireCapableBeanFactory.java:592)
	at org.springframework.beans.factory.support.AbstractBeanFactory.isFactoryBean(AbstractBeanFactory.java:1394)
	at org.springframework.beans.factory.support.AbstractBeanFactory.isFactoryBean(AbstractBeanFactory.java:957)
	at org.springframework.beans.factory.support.DefaultListableBeanFactory.preInstantiateSingletons(DefaultListableBeanFactory.java:705)
	at org.springframework.context.support.AbstractApplicationContext.finishBeanFactoryInitialization(AbstractApplicationContext.java:757)
	at org.springframework.context.support.AbstractApplicationContext.refresh(AbstractApplicationContext.java:480)
	at org.springframework.context.support.ClassPathXmlApplicationContext.<init>(ClassPathXmlApplicationContext.java:139)
	at org.springframework.context.support.ClassPathXmlApplicationContext.<init>(ClassPathXmlApplicationContext.java:83)
	at com.zl.httpinvoker.client.Client.main(Client.java:20)
Caused by: java.lang.ClassNotFoundException: com.xx.spring.invoker.server.service.impl.UserService
	at java.net.URLClassLoader.findClass(URLClassLoader.java:381)
	at java.lang.ClassLoader.loadClass(ClassLoader.java:424)
	at sun.misc.Launcher$AppClassLoader.loadClass(Launcher.java:331)
	at java.lang.ClassLoader.loadClass(ClassLoader.java:357)
	at org.springframework.util.ClassUtils.forName(ClassUtils.java:246)
	at org.springframework.beans.factory.support.AbstractBeanDefinition.resolveBeanClass(AbstractBeanDefinition.java:395)
	at org.springframework.beans.factory.support.AbstractBeanFactory.doResolveBeanClass(AbstractBeanFactory.java:1346)
	at org.springframework.beans.factory.support.AbstractBeanFactory.resolveBeanClass(AbstractBeanFactory.java:1317)
	... 10 more
2017-02-15 22:41:05,316 INFO [org.springframework.context.support.ClassPathXmlApplicationContext] - Refreshing org.springframework.context.support.ClassPathXmlApplicationContext@6d1e7682: startup date [Wed Feb 15 22:41:05 CST 2017]; root of context hierarchy
2017-02-15 22:41:05,466 INFO [org.springframework.beans.factory.xml.XmlBeanDefinitionReader] - Loading XML bean definitions from class path resource [invoker-dispatcher-servlet.xml]
2017-02-15 22:41:05,888 WARN [org.springframework.context.support.ClassPathXmlApplicationContext] - Exception encountered during context initialization - cancelling refresh attempt
org.springframework.beans.factory.CannotLoadBeanClassException: Cannot find class [com.zl.service.facade.spring.UserServiceImpl] for bean with name 'userService' defined in class path resource [invoker-dispatcher-servlet.xml]; nested exception is java.lang.ClassNotFoundException: com.zl.service.facade.spring.UserServiceImpl
	at org.springframework.beans.factory.support.AbstractBeanFactory.resolveBeanClass(AbstractBeanFactory.java:1325)
	at org.springframework.beans.factory.support.AbstractAutowireCapableBeanFactory.determineTargetType(AbstractAutowireCapableBeanFactory.java:623)
	at org.springframework.beans.factory.support.AbstractAutowireCapableBeanFactory.predictBeanType(AbstractAutowireCapableBeanFactory.java:592)
	at org.springframework.beans.factory.support.AbstractBeanFactory.isFactoryBean(AbstractBeanFactory.java:1394)
	at org.springframework.beans.factory.support.AbstractBeanFactory.isFactoryBean(AbstractBeanFactory.java:957)
	at org.springframework.beans.factory.support.DefaultListableBeanFactory.preInstantiateSingletons(DefaultListableBeanFactory.java:705)
	at org.springframework.context.support.AbstractApplicationContext.finishBeanFactoryInitialization(AbstractApplicationContext.java:757)
	at org.springframework.context.support.AbstractApplicationContext.refresh(AbstractApplicationContext.java:480)
	at org.springframework.context.support.ClassPathXmlApplicationContext.<init>(ClassPathXmlApplicationContext.java:139)
	at org.springframework.context.support.ClassPathXmlApplicationContext.<init>(ClassPathXmlApplicationContext.java:83)
	at com.zl.httpinvoker.client.Client.main(Client.java:20)
Caused by: java.lang.ClassNotFoundException: com.zl.service.facade.spring.UserServiceImpl
	at java.net.URLClassLoader.findClass(URLClassLoader.java:381)
	at java.lang.ClassLoader.loadClass(ClassLoader.java:424)
	at sun.misc.Launcher$AppClassLoader.loadClass(Launcher.java:331)
	at java.lang.ClassLoader.loadClass(ClassLoader.java:357)
	at org.springframework.util.ClassUtils.forName(ClassUtils.java:246)
	at org.springframework.beans.factory.support.AbstractBeanDefinition.resolveBeanClass(AbstractBeanDefinition.java:395)
	at org.springframework.beans.factory.support.AbstractBeanFactory.doResolveBeanClass(AbstractBeanFactory.java:1346)
	at org.springframework.beans.factory.support.AbstractBeanFactory.resolveBeanClass(AbstractBeanFactory.java:1317)
	... 10 more
2017-02-15 22:41:54,172 INFO [org.springframework.context.support.ClassPathXmlApplicationContext] - Refreshing org.springframework.context.support.ClassPathXmlApplicationContext@6d1e7682: startup date [Wed Feb 15 22:41:54 CST 2017]; root of context hierarchy
2017-02-15 22:41:54,305 INFO [org.springframework.beans.factory.xml.XmlBeanDefinitionReader] - Loading XML bean definitions from class path resource [invoker-dispatcher-servlet.xml]
2017-02-15 22:41:55,038 INFO [org.springframework.web.servlet.handler.SimpleUrlHandlerMapping] - Mapped URL path [/user.service] onto handler of type [class org.springframework.remoting.httpinvoker.HttpInvokerServiceExporter]
2017-02-15 22:44:21,284 INFO [org.springframework.context.support.ClassPathXmlApplicationContext] - Refreshing org.springframework.context.support.ClassPathXmlApplicationContext@6d1e7682: startup date [Wed Feb 15 22:44:21 CST 2017]; root of context hierarchy
2017-02-15 22:44:21,425 INFO [org.springframework.beans.factory.xml.XmlBeanDefinitionReader] - Loading XML bean definitions from class path resource [invoker-dispatcher-servlet.xml]
2017-02-15 22:44:22,018 INFO [org.springframework.web.servlet.handler.SimpleUrlHandlerMapping] - Mapped URL path [/service] onto handler of type [class org.springframework.remoting.httpinvoker.HttpInvokerServiceExporter]
2017-02-15 22:45:11,680 INFO [org.springframework.context.support.ClassPathXmlApplicationContext] - Refreshing org.springframework.context.support.ClassPathXmlApplicationContext@6d1e7682: startup date [Wed Feb 15 22:45:11 CST 2017]; root of context hierarchy
2017-02-15 22:45:11,808 INFO [org.springframework.beans.factory.xml.XmlBeanDefinitionReader] - Loading XML bean definitions from class path resource [invoker-dispatcher-servlet.xml]
2017-02-15 22:45:12,323 INFO [org.springframework.web.servlet.handler.SimpleUrlHandlerMapping] - Mapped URL path [/user.service] onto handler of type [class org.springframework.remoting.httpinvoker.HttpInvokerServiceExporter]
2017-02-15 22:46:38,810 INFO [org.springframework.context.support.ClassPathXmlApplicationContext] - Refreshing org.springframework.context.support.ClassPathXmlApplicationContext@6d1e7682: startup date [Wed Feb 15 22:46:38 CST 2017]; root of context hierarchy
2017-02-15 22:46:38,945 INFO [org.springframework.beans.factory.xml.XmlBeanDefinitionReader] - Loading XML bean definitions from class path resource [invoker-dispatcher-servlet.xml]
2017-02-15 22:46:39,454 INFO [org.springframework.web.servlet.handler.SimpleUrlHandlerMapping] - Mapped URL path [/user/service] onto handler of type [class org.springframework.remoting.httpinvoker.HttpInvokerServiceExporter]
